<?xml version="1.0" encoding="UTF-8"?>
<!-- Generated by org.testng.reporters.JUnitXMLReporter -->
<testsuite ignored="0" hostname="AK-Laptop" failures="0" tests="4" name="Default test" time="0.062" errors="0" timestamp="2024-08-20T21:45:18 TRT">
  <testcase classname="com.effectivejava.tutorial.effectivejava.item8a9.test3" name="pu" time="0.008"/>
  <testcase classname="com.effectivejava.tutorial.effectivejava.item8a9.test3" name="pub" time="0.001"/>
  <testcase classname="com.effectivejava.tutorial.effectivejava.item8a9.test3" name="s" time="0.002"/>
  <testcase classname="com.effectivejava.tutorial.effectivejava.item8a9.test3" name="t" time="0.001"/>
</testsuite> <!-- Default test -->
