<?xml version="1.0" encoding="UTF-8"?>
<testng-results ignored="0" total="4" passed="4" failed="0" skipped="0">
  <reporter-output>
  </reporter-output>
  <suite started-at="2024-08-20T21:45:18 TRT" name="Default suite" finished-at="2024-08-20T21:45:18 TRT" duration-ms="62">
    <groups>
    </groups>
    <test started-at="2024-08-20T21:45:18 TRT" name="Default test" finished-at="2024-08-20T21:45:18 TRT" duration-ms="62">
      <class name="com.effectivejava.tutorial.effectivejava.item8a9.test3">
        <test-method signature="pu()[pri:0, instance:com.effectivejava.tutorial.effectivejava.item8a9.test3@4a668b6e]" started-at="2024-08-20T21:45:18 TRT" name="pu" finished-at="2024-08-20T21:45:18 TRT" duration-ms="8" status="PASS">
          <reporter-output>
          </reporter-output>
        </test-method> <!-- pu -->
        <test-method signature="pub()[pri:0, instance:com.effectivejava.tutorial.effectivejava.item8a9.test3@4a668b6e]" started-at="2024-08-20T21:45:18 TRT" name="pub" finished-at="2024-08-20T21:45:18 TRT" duration-ms="1" status="PASS">
          <reporter-output>
          </reporter-output>
        </test-method> <!-- pub -->
        <test-method signature="s()[pri:0, instance:com.effectivejava.tutorial.effectivejava.item8a9.test3@4a668b6e]" started-at="2024-08-20T21:45:18 TRT" name="s" finished-at="2024-08-20T21:45:18 TRT" duration-ms="2" status="PASS">
          <reporter-output>
          </reporter-output>
        </test-method> <!-- s -->
        <test-method signature="t()[pri:0, instance:com.effectivejava.tutorial.effectivejava.item8a9.test3@4a668b6e]" started-at="2024-08-20T21:45:18 TRT" name="t" finished-at="2024-08-20T21:45:18 TRT" duration-ms="1" status="PASS">
          <reporter-output>
          </reporter-output>
        </test-method> <!-- t -->
      </class> <!-- com.effectivejava.tutorial.effectivejava.item8a9.test3 -->
    </test> <!-- Default test -->
  </suite> <!-- Default suite -->
</testng-results>
